<?xml version="1.0" encoding="UTF-8"?>
<testsuite xmlns:xsi="http://www.w3.org/2001/XMLSchema-instance" xsi:noNamespaceSchemaLocation="https://maven.apache.org/surefire/maven-surefire-plugin/xsd/surefire-test-report.xsd" name="TestSuite" time="46.18" tests="6" errors="0" skipped="2" failures="0">
  <properties>
    <property name="sun.desktop" value="windows"/>
    <property name="awt.toolkit" value="sun.awt.windows.WToolkit"/>
    <property name="file.encoding.pkg" value="sun.io"/>
    <property name="java.specification.version" value="1.8"/>
    <property name="sun.cpu.isalist" value="amd64"/>
    <property name="sun.jnu.encoding" value="Cp1251"/>
    <property name="java.class.path" value="C:\Users\s.milaserdov\IdeaProjects\DataDrivenFramework_2\target\test-classes;C:\Users\s.milaserdov\IdeaProjects\DataDrivenFramework_2\target\classes;C:\Users\s.milaserdov\.m2\repository\org\testng\testng\6.11\testng-6.11.jar;C:\Users\s.milaserdov\.m2\repository\com\beust\jcommander\1.64\jcommander-1.64.jar;C:\Users\s.milaserdov\.m2\repository\org\yaml\snakeyaml\1.17\snakeyaml-1.17.jar;C:\Users\s.milaserdov\.m2\repository\junit\junit\3.8.1\junit-3.8.1.jar;C:\Users\s.milaserdov\.m2\repository\org\seleniumhq\selenium\selenium-java\3.4.0\selenium-java-3.4.0.jar;C:\Users\s.milaserdov\.m2\repository\org\seleniumhq\selenium\selenium-api\3.4.0\selenium-api-3.4.0.jar;C:\Users\s.milaserdov\.m2\repository\org\seleniumhq\selenium\selenium-chrome-driver\3.4.0\selenium-chrome-driver-3.4.0.jar;C:\Users\s.milaserdov\.m2\repository\org\seleniumhq\selenium\selenium-edge-driver\3.4.0\selenium-edge-driver-3.4.0.jar;C:\Users\s.milaserdov\.m2\repository\org\seleniumhq\selenium\selenium-firefox-driver\3.4.0\selenium-firefox-driver-3.4.0.jar;C:\Users\s.milaserdov\.m2\repository\org\seleniumhq\selenium\selenium-ie-driver\3.4.0\selenium-ie-driver-3.4.0.jar;C:\Users\s.milaserdov\.m2\repository\org\seleniumhq\selenium\selenium-opera-driver\3.4.0\selenium-opera-driver-3.4.0.jar;C:\Users\s.milaserdov\.m2\repository\org\seleniumhq\selenium\selenium-remote-driver\3.4.0\selenium-remote-driver-3.4.0.jar;C:\Users\s.milaserdov\.m2\repository\org\seleniumhq\selenium\selenium-safari-driver\3.4.0\selenium-safari-driver-3.4.0.jar;C:\Users\s.milaserdov\.m2\repository\org\seleniumhq\selenium\selenium-support\3.4.0\selenium-support-3.4.0.jar;C:\Users\s.milaserdov\.m2\repository\cglib\cglib-nodep\3.2.4\cglib-nodep-3.2.4.jar;C:\Users\s.milaserdov\.m2\repository\org\apache\commons\commons-exec\1.3\commons-exec-1.3.jar;C:\Users\s.milaserdov\.m2\repository\org\apache\commons\commons-lang3\3.5\commons-lang3-3.5.jar;C:\Users\s.milaserdov\.m2\repository\commons-codec\commons-codec\1.10\commons-codec-1.10.jar;C:\Users\s.milaserdov\.m2\repository\commons-io\commons-io\2.5\commons-io-2.5.jar;C:\Users\s.milaserdov\.m2\repository\commons-logging\commons-logging\1.2\commons-logging-1.2.jar;C:\Users\s.milaserdov\.m2\repository\org\w3c\css\sac\1.3\sac-1.3.jar;C:\Users\s.milaserdov\.m2\repository\net\sourceforge\cssparser\cssparser\0.9.22\cssparser-0.9.22.jar;C:\Users\s.milaserdov\.m2\repository\com\google\code\gson\gson\2.8.0\gson-2.8.0.jar;C:\Users\s.milaserdov\.m2\repository\com\google\guava\guava\21.0\guava-21.0.jar;C:\Users\s.milaserdov\.m2\repository\org\hamcrest\hamcrest-core\1.3\hamcrest-core-1.3.jar;C:\Users\s.milaserdov\.m2\repository\net\sourceforge\htmlunit\htmlunit\2.26\htmlunit-2.26.jar;C:\Users\s.milaserdov\.m2\repository\net\sourceforge\htmlunit\htmlunit-core-js\2.26\htmlunit-core-js-2.26.jar;C:\Users\s.milaserdov\.m2\repository\net\sourceforge\htmlunit\neko-htmlunit\2.25\neko-htmlunit-2.25.jar;C:\Users\s.milaserdov\.m2\repository\org\apache\httpcomponents\httpclient\4.5.3\httpclient-4.5.3.jar;C:\Users\s.milaserdov\.m2\repository\org\apache\httpcomponents\httpcore\4.4.6\httpcore-4.4.6.jar;C:\Users\s.milaserdov\.m2\repository\org\apache\httpcomponents\httpmime\4.5.3\httpmime-4.5.3.jar;C:\Users\s.milaserdov\.m2\repository\org\eclipse\jetty\jetty-io\9.4.1.v20170120\jetty-io-9.4.1.v20170120.jar;C:\Users\s.milaserdov\.m2\repository\org\eclipse\jetty\jetty-util\9.4.1.v20170120\jetty-util-9.4.1.v20170120.jar;C:\Users\s.milaserdov\.m2\repository\net\java\dev\jna\jna\4.1.0\jna-4.1.0.jar;C:\Users\s.milaserdov\.m2\repository\net\java\dev\jna\jna-platform\4.1.0\jna-platform-4.1.0.jar;C:\Users\s.milaserdov\.m2\repository\com\codeborne\phantomjsdriver\1.4.0\phantomjsdriver-1.4.0.jar;C:\Users\s.milaserdov\.m2\repository\org\seleniumhq\selenium\htmlunit-driver\2.26\htmlunit-driver-2.26.jar;C:\Users\s.milaserdov\.m2\repository\javax\servlet\javax.servlet-api\3.1.0\javax.servlet-api-3.1.0.jar;C:\Users\s.milaserdov\.m2\repository\org\eclipse\jetty\websocket\websocket-api\9.4.3.v20170317\websocket-api-9.4.3.v20170317.jar;C:\Users\s.milaserdov\.m2\repository\org\eclipse\jetty\websocket\websocket-client\9.4.3.v20170317\websocket-client-9.4.3.v20170317.jar;C:\Users\s.milaserdov\.m2\repository\org\eclipse\jetty\jetty-client\9.4.3.v20170317\jetty-client-9.4.3.v20170317.jar;C:\Users\s.milaserdov\.m2\repository\org\eclipse\jetty\jetty-http\9.4.3.v20170317\jetty-http-9.4.3.v20170317.jar;C:\Users\s.milaserdov\.m2\repository\org\eclipse\jetty\websocket\websocket-common\9.4.3.v20170317\websocket-common-9.4.3.v20170317.jar;C:\Users\s.milaserdov\.m2\repository\xalan\serializer\2.7.2\serializer-2.7.2.jar;C:\Users\s.milaserdov\.m2\repository\xalan\xalan\2.7.2\xalan-2.7.2.jar;C:\Users\s.milaserdov\.m2\repository\xerces\xercesImpl\2.11.0\xercesImpl-2.11.0.jar;C:\Users\s.milaserdov\.m2\repository\xml-apis\xml-apis\1.4.01\xml-apis-1.4.01.jar;C:\Users\s.milaserdov\.m2\repository\com\relevantcodes\extentreports\2.41.2\extentreports-2.41.2.jar;C:\Users\s.milaserdov\.m2\repository\org\jsoup\jsoup\1.8.3\jsoup-1.8.3.jar;C:\Users\s.milaserdov\.m2\repository\org\xerial\sqlite-jdbc\3.8.11.1\sqlite-jdbc-3.8.11.1.jar;C:\Users\s.milaserdov\.m2\repository\org\freemarker\freemarker\2.3.23\freemarker-2.3.23.jar;C:\Users\s.milaserdov\.m2\repository\org\mongodb\mongodb-driver\3.0.4\mongodb-driver-3.0.4.jar;C:\Users\s.milaserdov\.m2\repository\org\mongodb\bson\3.0.4\bson-3.0.4.jar;C:\Users\s.milaserdov\.m2\repository\org\mongodb\mongodb-driver-core\3.0.4\mongodb-driver-core-3.0.4.jar;C:\Users\s.milaserdov\.m2\repository\log4j\log4j\1.2.17\log4j-1.2.17.jar;C:\Users\s.milaserdov\.m2\repository\com\sun\mail\javax.mail\1.6.0\javax.mail-1.6.0.jar;C:\Users\s.milaserdov\.m2\repository\javax\activation\activation\1.1\activation-1.1.jar;C:\Users\s.milaserdov\.m2\repository\org\uncommons\reportng\1.1.4\reportng-1.1.4.jar;C:\Users\s.milaserdov\.m2\repository\velocity\velocity\1.4\velocity-1.4.jar;C:\Users\s.milaserdov\.m2\repository\velocity\velocity-dep\1.4\velocity-dep-1.4.jar;C:\Users\s.milaserdov\.m2\repository\com\google\inject\guice\4.1.0\guice-4.1.0.jar;C:\Users\s.milaserdov\.m2\repository\javax\inject\javax.inject\1\javax.inject-1.jar;C:\Users\s.milaserdov\.m2\repository\aopalliance\aopalliance\1.0\aopalliance-1.0.jar;C:\Users\s.milaserdov\.m2\repository\mysql\mysql-connector-java\6.0.6\mysql-connector-java-6.0.6.jar;C:\Users\s.milaserdov\.m2\repository\org\apache\poi\poi\3.17\poi-3.17.jar;C:\Users\s.milaserdov\.m2\repository\org\apache\commons\commons-collections4\4.1\commons-collections4-4.1.jar;C:\Users\s.milaserdov\.m2\repository\org\apache\poi\poi-ooxml\3.17\poi-ooxml-3.17.jar;C:\Users\s.milaserdov\.m2\repository\com\github\virtuald\curvesapi\1.04\curvesapi-1.04.jar;C:\Users\s.milaserdov\.m2\repository\dom4j\dom4j\1.6.1\dom4j-1.6.1.jar;C:\Users\s.milaserdov\.m2\repository\org\apache\xmlbeans\xmlbeans\2.6.0\xmlbeans-2.6.0.jar;C:\Users\s.milaserdov\.m2\repository\stax\stax-api\1.0.1\stax-api-1.0.1.jar;C:\Users\s.milaserdov\.m2\repository\org\apache\poi\poi-ooxml-schemas\3.17\poi-ooxml-schemas-3.17.jar;C:\Users\s.milaserdov\.m2\repository\org\apache\maven\surefire\surefire-testng-utils\2.20.1\surefire-testng-utils-2.20.1.jar;C:\Users\s.milaserdov\.m2\repository\org\apache\maven\surefire\surefire-grouper\2.20.1\surefire-grouper-2.20.1.jar;"/>
    <property name="java.vm.vendor" value="Oracle Corporation"/>
    <property name="sun.arch.data.model" value="64"/>
    <property name="user.variant" value=""/>
    <property name="java.vendor.url" value="http://java.oracle.com/"/>
    <property name="user.timezone" value=""/>
    <property name="java.vm.specification.version" value="1.8"/>
    <property name="os.name" value="Windows 10"/>
    <property name="user.country" value="US"/>
    <property name="sun.java.launcher" value="SUN_STANDARD"/>
    <property name="sun.boot.library.path" value="C:\Program Files\Java\jdk1.8.0_121\jre\bin"/>
    <property name="sun.java.command" value="C:\Users\S6597~1.MIL\AppData\Local\Temp\surefire4627701739570359191\surefirebooter8541698340432848719.jar C:\Users\s.milaserdov\AppData\Local\Temp\surefire4627701739570359191 2018-03-19T17-40-39_777-jvmRun1 surefire5141893166886223455tmp surefire_03254261389883400292tmp"/>
    <property name="surefire.test.class.path" value="C:\Users\s.milaserdov\IdeaProjects\DataDrivenFramework_2\target\test-classes;C:\Users\s.milaserdov\IdeaProjects\DataDrivenFramework_2\target\classes;C:\Users\s.milaserdov\.m2\repository\org\testng\testng\6.11\testng-6.11.jar;C:\Users\s.milaserdov\.m2\repository\com\beust\jcommander\1.64\jcommander-1.64.jar;C:\Users\s.milaserdov\.m2\repository\org\yaml\snakeyaml\1.17\snakeyaml-1.17.jar;C:\Users\s.milaserdov\.m2\repository\junit\junit\3.8.1\junit-3.8.1.jar;C:\Users\s.milaserdov\.m2\repository\org\seleniumhq\selenium\selenium-java\3.4.0\selenium-java-3.4.0.jar;C:\Users\s.milaserdov\.m2\repository\org\seleniumhq\selenium\selenium-api\3.4.0\selenium-api-3.4.0.jar;C:\Users\s.milaserdov\.m2\repository\org\seleniumhq\selenium\selenium-chrome-driver\3.4.0\selenium-chrome-driver-3.4.0.jar;C:\Users\s.milaserdov\.m2\repository\org\seleniumhq\selenium\selenium-edge-driver\3.4.0\selenium-edge-driver-3.4.0.jar;C:\Users\s.milaserdov\.m2\repository\org\seleniumhq\selenium\selenium-firefox-driver\3.4.0\selenium-firefox-driver-3.4.0.jar;C:\Users\s.milaserdov\.m2\repository\org\seleniumhq\selenium\selenium-ie-driver\3.4.0\selenium-ie-driver-3.4.0.jar;C:\Users\s.milaserdov\.m2\repository\org\seleniumhq\selenium\selenium-opera-driver\3.4.0\selenium-opera-driver-3.4.0.jar;C:\Users\s.milaserdov\.m2\repository\org\seleniumhq\selenium\selenium-remote-driver\3.4.0\selenium-remote-driver-3.4.0.jar;C:\Users\s.milaserdov\.m2\repository\org\seleniumhq\selenium\selenium-safari-driver\3.4.0\selenium-safari-driver-3.4.0.jar;C:\Users\s.milaserdov\.m2\repository\org\seleniumhq\selenium\selenium-support\3.4.0\selenium-support-3.4.0.jar;C:\Users\s.milaserdov\.m2\repository\cglib\cglib-nodep\3.2.4\cglib-nodep-3.2.4.jar;C:\Users\s.milaserdov\.m2\repository\org\apache\commons\commons-exec\1.3\commons-exec-1.3.jar;C:\Users\s.milaserdov\.m2\repository\org\apache\commons\commons-lang3\3.5\commons-lang3-3.5.jar;C:\Users\s.milaserdov\.m2\repository\commons-codec\commons-codec\1.10\commons-codec-1.10.jar;C:\Users\s.milaserdov\.m2\repository\commons-io\commons-io\2.5\commons-io-2.5.jar;C:\Users\s.milaserdov\.m2\repository\commons-logging\commons-logging\1.2\commons-logging-1.2.jar;C:\Users\s.milaserdov\.m2\repository\org\w3c\css\sac\1.3\sac-1.3.jar;C:\Users\s.milaserdov\.m2\repository\net\sourceforge\cssparser\cssparser\0.9.22\cssparser-0.9.22.jar;C:\Users\s.milaserdov\.m2\repository\com\google\code\gson\gson\2.8.0\gson-2.8.0.jar;C:\Users\s.milaserdov\.m2\repository\com\google\guava\guava\21.0\guava-21.0.jar;C:\Users\s.milaserdov\.m2\repository\org\hamcrest\hamcrest-core\1.3\hamcrest-core-1.3.jar;C:\Users\s.milaserdov\.m2\repository\net\sourceforge\htmlunit\htmlunit\2.26\htmlunit-2.26.jar;C:\Users\s.milaserdov\.m2\repository\net\sourceforge\htmlunit\htmlunit-core-js\2.26\htmlunit-core-js-2.26.jar;C:\Users\s.milaserdov\.m2\repository\net\sourceforge\htmlunit\neko-htmlunit\2.25\neko-htmlunit-2.25.jar;C:\Users\s.milaserdov\.m2\repository\org\apache\httpcomponents\httpclient\4.5.3\httpclient-4.5.3.jar;C:\Users\s.milaserdov\.m2\repository\org\apache\httpcomponents\httpcore\4.4.6\httpcore-4.4.6.jar;C:\Users\s.milaserdov\.m2\repository\org\apache\httpcomponents\httpmime\4.5.3\httpmime-4.5.3.jar;C:\Users\s.milaserdov\.m2\repository\org\eclipse\jetty\jetty-io\9.4.1.v20170120\jetty-io-9.4.1.v20170120.jar;C:\Users\s.milaserdov\.m2\repository\org\eclipse\jetty\jetty-util\9.4.1.v20170120\jetty-util-9.4.1.v20170120.jar;C:\Users\s.milaserdov\.m2\repository\net\java\dev\jna\jna\4.1.0\jna-4.1.0.jar;C:\Users\s.milaserdov\.m2\repository\net\java\dev\jna\jna-platform\4.1.0\jna-platform-4.1.0.jar;C:\Users\s.milaserdov\.m2\repository\com\codeborne\phantomjsdriver\1.4.0\phantomjsdriver-1.4.0.jar;C:\Users\s.milaserdov\.m2\repository\org\seleniumhq\selenium\htmlunit-driver\2.26\htmlunit-driver-2.26.jar;C:\Users\s.milaserdov\.m2\repository\javax\servlet\javax.servlet-api\3.1.0\javax.servlet-api-3.1.0.jar;C:\Users\s.milaserdov\.m2\repository\org\eclipse\jetty\websocket\websocket-api\9.4.3.v20170317\websocket-api-9.4.3.v20170317.jar;C:\Users\s.milaserdov\.m2\repository\org\eclipse\jetty\websocket\websocket-client\9.4.3.v20170317\websocket-client-9.4.3.v20170317.jar;C:\Users\s.milaserdov\.m2\repository\org\eclipse\jetty\jetty-client\9.4.3.v20170317\jetty-client-9.4.3.v20170317.jar;C:\Users\s.milaserdov\.m2\repository\org\eclipse\jetty\jetty-http\9.4.3.v20170317\jetty-http-9.4.3.v20170317.jar;C:\Users\s.milaserdov\.m2\repository\org\eclipse\jetty\websocket\websocket-common\9.4.3.v20170317\websocket-common-9.4.3.v20170317.jar;C:\Users\s.milaserdov\.m2\repository\xalan\serializer\2.7.2\serializer-2.7.2.jar;C:\Users\s.milaserdov\.m2\repository\xalan\xalan\2.7.2\xalan-2.7.2.jar;C:\Users\s.milaserdov\.m2\repository\xerces\xercesImpl\2.11.0\xercesImpl-2.11.0.jar;C:\Users\s.milaserdov\.m2\repository\xml-apis\xml-apis\1.4.01\xml-apis-1.4.01.jar;C:\Users\s.milaserdov\.m2\repository\com\relevantcodes\extentreports\2.41.2\extentreports-2.41.2.jar;C:\Users\s.milaserdov\.m2\repository\org\jsoup\jsoup\1.8.3\jsoup-1.8.3.jar;C:\Users\s.milaserdov\.m2\repository\org\xerial\sqlite-jdbc\3.8.11.1\sqlite-jdbc-3.8.11.1.jar;C:\Users\s.milaserdov\.m2\repository\org\freemarker\freemarker\2.3.23\freemarker-2.3.23.jar;C:\Users\s.milaserdov\.m2\repository\org\mongodb\mongodb-driver\3.0.4\mongodb-driver-3.0.4.jar;C:\Users\s.milaserdov\.m2\repository\org\mongodb\bson\3.0.4\bson-3.0.4.jar;C:\Users\s.milaserdov\.m2\repository\org\mongodb\mongodb-driver-core\3.0.4\mongodb-driver-core-3.0.4.jar;C:\Users\s.milaserdov\.m2\repository\log4j\log4j\1.2.17\log4j-1.2.17.jar;C:\Users\s.milaserdov\.m2\repository\com\sun\mail\javax.mail\1.6.0\javax.mail-1.6.0.jar;C:\Users\s.milaserdov\.m2\repository\javax\activation\activation\1.1\activation-1.1.jar;C:\Users\s.milaserdov\.m2\repository\org\uncommons\reportng\1.1.4\reportng-1.1.4.jar;C:\Users\s.milaserdov\.m2\repository\velocity\velocity\1.4\velocity-1.4.jar;C:\Users\s.milaserdov\.m2\repository\velocity\velocity-dep\1.4\velocity-dep-1.4.jar;C:\Users\s.milaserdov\.m2\repository\com\google\inject\guice\4.1.0\guice-4.1.0.jar;C:\Users\s.milaserdov\.m2\repository\javax\inject\javax.inject\1\javax.inject-1.jar;C:\Users\s.milaserdov\.m2\repository\aopalliance\aopalliance\1.0\aopalliance-1.0.jar;C:\Users\s.milaserdov\.m2\repository\mysql\mysql-connector-java\6.0.6\mysql-connector-java-6.0.6.jar;C:\Users\s.milaserdov\.m2\repository\org\apache\poi\poi\3.17\poi-3.17.jar;C:\Users\s.milaserdov\.m2\repository\org\apache\commons\commons-collections4\4.1\commons-collections4-4.1.jar;C:\Users\s.milaserdov\.m2\repository\org\apache\poi\poi-ooxml\3.17\poi-ooxml-3.17.jar;C:\Users\s.milaserdov\.m2\repository\com\github\virtuald\curvesapi\1.04\curvesapi-1.04.jar;C:\Users\s.milaserdov\.m2\repository\dom4j\dom4j\1.6.1\dom4j-1.6.1.jar;C:\Users\s.milaserdov\.m2\repository\org\apache\xmlbeans\xmlbeans\2.6.0\xmlbeans-2.6.0.jar;C:\Users\s.milaserdov\.m2\repository\stax\stax-api\1.0.1\stax-api-1.0.1.jar;C:\Users\s.milaserdov\.m2\repository\org\apache\poi\poi-ooxml-schemas\3.17\poi-ooxml-schemas-3.17.jar;C:\Users\s.milaserdov\.m2\repository\org\apache\maven\surefire\surefire-testng-utils\2.20.1\surefire-testng-utils-2.20.1.jar;C:\Users\s.milaserdov\.m2\repository\org\apache\maven\surefire\surefire-grouper\2.20.1\surefire-grouper-2.20.1.jar;"/>
    <property name="sun.cpu.endian" value="little"/>
    <property name="user.home" value="C:\Users\s.milaserdov"/>
    <property name="user.language" value="en"/>
    <property name="java.specification.vendor" value="Oracle Corporation"/>
    <property name="java.home" value="C:\Program Files\Java\jdk1.8.0_121\jre"/>
    <property name="basedir" value="C:\Users\s.milaserdov\IdeaProjects\DataDrivenFramework_2"/>
    <property name="file.separator" value="\"/>
    <property name="line.separator" value="&#10;"/>
    <property name="java.vm.specification.vendor" value="Oracle Corporation"/>
    <property name="java.specification.name" value="Java Platform API Specification"/>
    <property name="java.awt.graphicsenv" value="sun.awt.Win32GraphicsEnvironment"/>
    <property name="surefire.real.class.path" value="C:\Users\S6597~1.MIL\AppData\Local\Temp\surefire4627701739570359191\surefirebooter8541698340432848719.jar"/>
    <property name="sun.boot.class.path" value="C:\Program Files\Java\jdk1.8.0_121\jre\lib\resources.jar;C:\Program Files\Java\jdk1.8.0_121\jre\lib\rt.jar;C:\Program Files\Java\jdk1.8.0_121\jre\lib\sunrsasign.jar;C:\Program Files\Java\jdk1.8.0_121\jre\lib\jsse.jar;C:\Program Files\Java\jdk1.8.0_121\jre\lib\jce.jar;C:\Program Files\Java\jdk1.8.0_121\jre\lib\charsets.jar;C:\Program Files\Java\jdk1.8.0_121\jre\lib\jfr.jar;C:\Program Files\Java\jdk1.8.0_121\jre\classes"/>
    <property name="user.script" value=""/>
    <property name="sun.management.compiler" value="HotSpot 64-Bit Tiered Compilers"/>
    <property name="java.runtime.version" value="1.8.0_121-b13"/>
    <property name="user.name" value="s.milaserdov"/>
    <property name="path.separator" value=";"/>
    <property name="os.version" value="10.0"/>
    <property name="java.endorsed.dirs" value="C:\Program Files\Java\jdk1.8.0_121\jre\lib\endorsed"/>
    <property name="java.runtime.name" value="Java(TM) SE Runtime Environment"/>
    <property name="file.encoding" value="Cp1251"/>
    <property name="java.vm.name" value="Java HotSpot(TM) 64-Bit Server VM"/>
    <property name="localRepository" value="C:\Users\s.milaserdov\.m2\repository"/>
    <property name="java.vendor.url.bug" value="http://bugreport.sun.com/bugreport/"/>
    <property name="java.io.tmpdir" value="C:\Users\S6597~1.MIL\AppData\Local\Temp\"/>
    <property name="java.version" value="1.8.0_121"/>
    <property name="user.dir" value="C:\Users\s.milaserdov\IdeaProjects\DataDrivenFramework_2"/>
    <property name="os.arch" value="amd64"/>
    <property name="java.vm.specification.name" value="Java Virtual Machine Specification"/>
    <property name="java.awt.printerjob" value="sun.awt.windows.WPrinterJob"/>
    <property name="sun.os.patch.level" value=""/>
    <property name="java.library.path" value="C:\Program Files\Java\jdk1.8.0_121\jre\bin;C:\WINDOWS\Sun\Java\bin;C:\WINDOWS\system32;C:\WINDOWS;C:\Users\s.milaserdov\Desktop\Selenium jars\apache-maven-3.5.0/bin;C:\Program Files\Java\jdk1.8.0_121/bin;C:\Program Files\Java\jdk1.8.0_121/bin;C:\ProgramData\Oracle\Java\javapath;C:\WINDOWS\system32;C:\WINDOWS;C:\WINDOWS\System32\Wbem;C:\WINDOWS\System32\WindowsPowerShell\v1.0\;C:\Program Files\Java\jdk1.8.0_121\bin;C:\Program Files (x86)\Skype\Phone\;C:\Users\s.milaserdov\Desktop\Selenium jars\apache-maven-3.5.0\bin;;."/>
    <property name="java.vm.info" value="mixed mode"/>
    <property name="java.vendor" value="Oracle Corporation"/>
    <property name="java.vm.version" value="25.121-b13"/>
    <property name="java.ext.dirs" value="C:\Program Files\Java\jdk1.8.0_121\jre\lib\ext;C:\WINDOWS\Sun\Java\lib\ext"/>
    <property name="sun.io.unicode.encoding" value="UnicodeLittle"/>
    <property name="java.class.version" value="52.0"/>
  </properties>
  <testcase name="loginAsBAnkManager" classname="com.w2.automation.testcases.LoginTest" time="3.527"/>
  <testcase name="addCustomer" classname="com.w2.automation.testcases.AddCustomerTest" time="3.571"/>
  <testcase name="addCustomer" classname="com.w2.automation.testcases.AddCustomerTest" time="0">
    <skipped message="Skipping the test case as the runmode for data set is NO"/>
  </testcase>
  <testcase name="addCustomer" classname="com.w2.automation.testcases.AddCustomerTest" time="3.572"/>
  <testcase name="addCustomer" classname="com.w2.automation.testcases.AddCustomerTest" time="3.489"/>
  <testcase name="openAccountTest" classname="com.w2.automation.testcases.OpenAccountTest" time="0">
    <skipped message="Skipping the test OPENACCOUNTTESTas the Run mode is NO"/>
    <system-out><![CDATA[OpenAccountTest
Total rows are : 2
Total cols are : 3
]]></system-out>
  </testcase>
</testsuite>