<?xml version="1.0" encoding="UTF-8"?>
<!-- Generated by org.testng.reporters.JUnitReportReporter -->
<testsuite skipped="0" hostname="s-milaserdov" name="com.w2.automation.testcases.LoginTest" tests="1" failures="0" timestamp="19 Mar 2018 14:41:27 GMT" time="3.526" errors="0">
  <testcase name="loginAsBAnkManager" time="3.526" classname="com.w2.automation.testcases.LoginTest"/>
</testsuite> <!-- com.w2.automation.testcases.LoginTest -->
