<?xml version="1.0" encoding="UTF-8"?>
<!-- Generated by org.testng.reporters.JUnitReportReporter -->
<testsuite skipped="1" hostname="s-milaserdov" name="com.w2.automation.testcases.OpenAccountTest" tests="1" failures="0" timestamp="19 Mar 2018 14:41:27 GMT" time="0.002" errors="0">
  <testcase name="openAccountTest" time="0.002" classname="com.w2.automation.testcases.OpenAccountTest">
    <skipped/>
  </testcase> <!-- openAccountTest -->
</testsuite> <!-- com.w2.automation.testcases.OpenAccountTest -->
