<?xml version="1.0" encoding="UTF-8"?>
<!-- Generated by org.testng.reporters.JUnitReportReporter -->
<testsuite skipped="1" hostname="s-milaserdov" name="com.w2.automation.testcases.AddCustomerTest" tests="4" failures="0" timestamp="19 Mar 2018 14:41:27 GMT" time="10.627" errors="0">
  <testcase name="addCustomer" time="3.489" classname="com.w2.automation.testcases.AddCustomerTest"/>
  <testcase name="addCustomer" time="3.571" classname="com.w2.automation.testcases.AddCustomerTest"/>
  <testcase name="addCustomer" time="0.000" classname="com.w2.automation.testcases.AddCustomerTest">
    <skipped/>
  </testcase> <!-- addCustomer -->
  <testcase name="addCustomer" time="3.567" classname="com.w2.automation.testcases.AddCustomerTest"/>
</testsuite> <!-- com.w2.automation.testcases.AddCustomerTest -->
